Ablation Date: 062123
Catheter S/N: 00010
Catheter Lot Number: 000000000222676
Control Mode: TEMPERATURE
Treatment State: RF_ON
Z Magnitude: 125
Z Slope: 0.900
Z Phase: -7.5
CI: 0.746
 Gen_Time Set_Time Set_Temp    Set_P Abl_Time    Imped    DC_V    DC_I    Meas_P    Meas_V      RFI     I_D1    IRet1    Phase    TRef     TC1     TC2     TC3     TC4     TC5     TC6   TComp SetFlow    Fluid    Pump1 HeatFct
 hh:mm:ss        s        C        W        s      Ohm       V      mA         W         V       mA       mA       mA      Deg       C       C       C       C       C       C       C       C  ml/min       ml      rpm   A^2 s
08:45:27        20       60     50.0     0.00      113    0.68     184       0.2      3.85       33       13       35      0.0    23.9    34.4    34.5    34.5    36.2    35.9    36.1    36.2       8       33       35  12.428
08:45:28        20       60     50.0     1.00      107   13.13    3977      50.0     74.31      681      271      693      8.4    25.7    44.6    44.1    41.3    42.9    47.6    44.8    47.6       8       33       35  12.583
08:45:29        20       60     50.0     2.00      106   13.11    3990      50.1     75.36      686      260      688     14.4    26.1    50.1    49.3    45.9    45.4    46.5    48.2    50.1       8       33       35  13.059
08:45:30        20       60     50.0     3.00      104   13.02    4030      50.1     74.55      696      254      719     15.0    23.5    49.9    49.4    46.9    46.2    46.8    48.7    49.9       8       34       35  13.532
08:45:31        20       60     50.0     4.00      104   13.01    4022      50.0     75.10      686      290      717     14.0    24.9    51.4    52.3    45.7    46.0    50.8    48.2    52.3       8       34       35  14.020
08:45:32        20       60     50.0     5.00      105   13.04    4016      50.0     75.52      694      303      691     17.4    22.5    51.2    49.8    45.4    45.6    50.6    47.4    51.2       8       34       35  14.494
08:45:33        20       60     50.0     6.00      105   13.24    3948      50.2     75.74      685      265      696     14.7    21.6    43.5    43.9    43.5    45.2    46.2    47.4    47.4       8       34       35  14.976
08:45:34        20       60     50.0     7.00      105   13.07    3998      50.0     75.60      687      270      708     15.7    23.1    45.7    46.1    46.2    47.9    46.5    45.3    47.9       8       34       35  15.458
08:45:35        20       60     50.0     8.00      104   12.90    4081      49.9     74.24      699      302      719     15.6    23.2    45.7    44.6    45.5    49.5    49.5    49.8    49.8       8       34       35  15.933
